added manifest
adding: game/(in = 0) (out= 0)(stored 0%)
adding: game/GameApp$1.class(in = 439) (out= 304)(deflated 30%)
adding: game/GameApp.class(in = 2412) (out= 1424)(deflated 40%)
adding: game/GameController.class(in = 10867) (out= 5445)(deflated 49%)
adding: game/GameIcon.class(in = 1594) (out= 990)(deflated 37%)
adding: game/GameModel.class(in = 2014) (out= 1090)(deflated 45%)
adding: game/GameView$1.class(in = 736) (out= 500)(deflated 32%)
adding: game/GameView.class(in = 14729) (out= 6987)(deflated 52%)
adding: game-jar.err(in = 0) (out= 0)(stored 0%)
adding: game-jar.out(in = 577) (out= 210)(deflated 63%)
adding: resources/(in = 0) (out= 0)(stored 0%)
adding: resources/GameFinished.png(in = 20849) (out= 18314)(deflated 12%)
adding: resources/GameIcon.png(in = 22059) (out= 19165)(deflated 13%)
adding: resources/GameLose.png(in = 21416) (out= 18922)(deflated 11%)
adding: resources/GameWin.png(in = 21818) (out= 19358)(deflated 11%)
adding: resources/Icon.jpg(in = 8537) (out= 7827)(deflated 8%)
adding: resources/IconAbout.png(in = 1401) (out= 1380)(deflated 1%)
adding: resources/IconColor.png(in = 960) (out= 927)(deflated 3%)
adding: resources/IconExit.png(in = 1101) (out= 1076)(deflated 2%)
adding: resources/IconNewGame.png(in = 1390) (out= 1374)(deflated 1%)
adding: resources/IconSol.png(in = 1372) (out= 1353)(deflated 1%)
