Loading source files for package game...
Constructing Javadoc information...
Building index for all the packages and classes...
Standard Doclet version 16+36-2231
Building tree for all the packages and classes...
Generating doc\game\GameApp.html...
Generating doc\game\GameController.html...
Generating doc\game\GameIcon.html...
Generating doc\game\GameModel.html...
Generating doc\game\GameView.html...
Generating doc\game\package-summary.html...
Generating doc\game\package-tree.html...
Generating doc\constant-values.html...
Generating doc\serialized-form.html...
Generating doc\overview-tree.html...
Building index for all classes...
Generating doc\allclasses-index.html...
Generating doc\allpackages-index.html...
Generating doc\index-all.html...
Generating doc\index.html...
Generating doc\help-doc.html...
